c:\users\dpali\documents\c++ projects\going green\going green\x64\release\vc143.pdb
c:\users\dpali\documents\c++ projects\going green\going green\x64\release\ggwindow.obj
c:\users\dpali\documents\c++ projects\going green\going green\x64\release\ggview.obj
c:\users\dpali\documents\c++ projects\going green\going green\x64\release\ggsubjectmanager.obj
c:\users\dpali\documents\c++ projects\going green\going green\x64\release\ggsubject.obj
c:\users\dpali\documents\c++ projects\going green\going green\x64\release\ggstage.obj
c:\users\dpali\documents\c++ projects\going green\going green\x64\release\ggmain.obj
c:\users\dpali\documents\c++ projects\going green\going green\x64\release\ggindivobservers.obj
c:\users\dpali\documents\c++ projects\going green\going green\x64\release\ggabstractmodel.obj
c:\users\dpali\documents\c++ projects\going green\going green\x64\release\ggabstractctrl.obj
c:\users\dpali\documents\c++ projects\going green\going green\x64\release\ggabstractasset.obj
c:\users\dpali\documents\c++ projects\going green\x64\release\going green.exe
c:\users\dpali\documents\c++ projects\going green\x64\release\going green.pdb
c:\users\dpali\documents\c++ projects\going green\going green\x64\release\going green.iobj
c:\users\dpali\documents\c++ projects\going green\going green\x64\release\going green.ipdb
c:\users\dpali\documents\c++ projects\going green\going green\x64\release\going green.tlog\cl.command.1.tlog
c:\users\dpali\documents\c++ projects\going green\going green\x64\release\going green.tlog\cl.read.1.tlog
c:\users\dpali\documents\c++ projects\going green\going green\x64\release\going green.tlog\cl.write.1.tlog
c:\users\dpali\documents\c++ projects\going green\going green\x64\release\going green.tlog\link.command.1.tlog
c:\users\dpali\documents\c++ projects\going green\going green\x64\release\going green.tlog\link.read.1.tlog
c:\users\dpali\documents\c++ projects\going green\going green\x64\release\going green.tlog\link.write.1.tlog
