c:\users\djcas\source\repos\going-green-game\going green\x64\debug\vc143.pdb
c:\users\djcas\source\repos\going-green-game\going green\x64\debug\vc143.idb
c:\users\djcas\source\repos\going-green-game\going green\x64\debug\ggwindow.obj
c:\users\djcas\source\repos\going-green-game\going green\x64\debug\ggview.obj
c:\users\djcas\source\repos\going-green-game\going green\x64\debug\ggsubjectmanager.obj
c:\users\djcas\source\repos\going-green-game\going green\x64\debug\ggsubject.obj
c:\users\djcas\source\repos\going-green-game\going green\x64\debug\ggstage.obj
c:\users\djcas\source\repos\going-green-game\going green\x64\debug\ggmain.obj
c:\users\djcas\source\repos\going-green-game\going green\x64\debug\ggindivobservers.obj
c:\users\djcas\source\repos\going-green-game\going green\x64\debug\ggabstractmodel.obj
c:\users\djcas\source\repos\going-green-game\going green\x64\debug\ggabstractctrl.obj
c:\users\djcas\source\repos\going-green-game\going green\x64\debug\ggabstractasset.obj
c:\users\djcas\source\repos\going-green-game\x64\debug\going green.pdb
c:\users\djcas\source\repos\going-green-game\going green\x64\debug\going green.tlog\cl.command.1.tlog
c:\users\djcas\source\repos\going-green-game\going green\x64\debug\going green.tlog\cl.read.1.tlog
c:\users\djcas\source\repos\going-green-game\going green\x64\debug\going green.tlog\cl.write.1.tlog
c:\users\djcas\source\repos\going-green-game\going green\x64\debug\going green.tlog\link-cvtres.read.1.tlog
c:\users\djcas\source\repos\going-green-game\going green\x64\debug\going green.tlog\link-cvtres.write.1.tlog
c:\users\djcas\source\repos\going-green-game\going green\x64\debug\going green.tlog\link-rc.read.1.tlog
c:\users\djcas\source\repos\going-green-game\going green\x64\debug\going green.tlog\link-rc.write.1.tlog
c:\users\djcas\source\repos\going-green-game\going green\x64\debug\going green.tlog\link.command.1.tlog
c:\users\djcas\source\repos\going-green-game\going green\x64\debug\going green.tlog\link.read.1.tlog
c:\users\djcas\source\repos\going-green-game\going green\x64\debug\going green.tlog\link.read.2.tlog
c:\users\djcas\source\repos\going-green-game\going green\x64\debug\going green.tlog\link.write.1.tlog
